# JRE version: OpenJDK Runtime Environment (11.0.12+7) (build 11.0.12+7-b1504.28-7817840)
# Java VM: OpenJDK 64-Bit Server VM (11.0.12+7-b1504.28-7817840, mixed mode, tiered, compressed oops, g1 gc, windows-amd64)
Heap:
 garbage-first heap   total 253952K, used 81746K [0x0000000709400000, 0x0000000800000000)
  region size 1024K, 61 young (62464K), 3 survivors (3072K)
 Metaspace       used 47196K, capacity 47734K, committed 48028K, reserved 1091584K
  class space    used 5626K, capacity 5815K, committed 5884K, reserved 1048576K
GC Heap History (8 events):
Event: 0.634 GC heap before
{Heap before GC invocations=0 (full 0):
 garbage-first heap   total 253952K, used 17408K [0x0000000709400000, 0x0000000800000000)
  region size 1024K, 14 young (14336K), 0 survivors (0K)
 Metaspace       used 9864K, capacity 10002K, committed 10112K, reserved 1058816K
  class space    used 839K, capacity 885K, committed 896K, reserved 1048576K
}
Event: 0.638 GC heap after
{Heap after GC invocations=1 (full 0):
 garbage-first heap   total 253952K, used 5239K [0x0000000709400000, 0x0000000800000000)
  region size 1024K, 2 young (2048K), 2 survivors (2048K)
 Metaspace       used 9864K, capacity 10002K, committed 10112K, reserved 1058816K
  class space    used 839K, capacity 885K, committed 896K, reserved 1048576K
}
Event: 1.931 GC heap before
{Heap before GC invocations=1 (full 0):
 garbage-first heap   total 253952K, used 52343K [0x0000000709400000, 0x0000000800000000)
  region size 1024K, 49 young (50176K), 2 survivors (2048K)
 Metaspace       used 21007K, capacity 21202K, committed 21296K, reserved 1069056K
  class space    used 2236K, capacity 2309K, committed 2352K, reserved 1048576K
}
Event: 1.949 GC heap after
{Heap after GC invocations=2 (full 0):
 garbage-first heap   total 253952K, used 9774K [0x0000000709400000, 0x0000000800000000)
  region size 1024K, 7 young (7168K), 7 survivors (7168K)
 Metaspace       used 21007K, capacity 21202K, committed 21296K, reserved 1069056K
  class space    used 2236K, capacity 2309K, committed 2352K, reserved 1048576K
}
Event: 3.220 GC heap before
{Heap before GC invocations=3 (full 0):
 garbage-first heap   total 253952K, used 64046K [0x0000000709400000, 0x0000000800000000)
  region size 1024K, 55 young (56320K), 7 survivors (7168K)
 Metaspace       used 32456K, capacity 32936K, committed 33020K, reserved 1077248K
  class space    used 4082K, capacity 4275K, committed 4348K, reserved 1048576K
}
Event: 3.244 GC heap after
{Heap after GC invocations=4 (full 0):
 garbage-first heap   total 253952K, used 21367K [0x0000000709400000, 0x0000000800000000)
  region size 1024K, 7 young (7168K), 7 survivors (7168K)
 Metaspace       used 32456K, capacity 32936K, committed 33020K, reserved 1077248K
  class space    used 4082K, capacity 4275K, committed 4348K, reserved 1048576K
}
Event: 3.639 GC heap before
{Heap before GC invocations=4 (full 0):
 garbage-first heap   total 253952K, used 35703K [0x0000000709400000, 0x0000000800000000)
  region size 1024K, 22 young (22528K), 7 survivors (7168K)
 Metaspace       used 35414K, capacity 35827K, committed 35964K, reserved 1081344K
  class space    used 4402K, capacity 4599K, committed 4732K, reserved 1048576K
}
Event: 3.652 GC heap after
{Heap after GC invocations=5 (full 0):
 garbage-first heap   total 253952K, used 21330K [0x0000000709400000, 0x0000000800000000)
  region size 1024K, 3 young (3072K), 3 survivors (3072K)
 Metaspace       used 35414K, capacity 35827K, committed 35964K, reserved 1081344K
  class space    used 4402K, capacity 4599K, committed 4732K, reserved 1048576K
}

